Analysis & Synthesis report for Traffic_Light
Wed Oct 10 21:14:48 2018
Quartus II 64-Bit Version 13.0.1 Build 232 06/12/2013 Service Pack 1 SJ Web Edition


---------------------
; Table of Contents ;
---------------------
  1. Legal Notice
  2. Analysis & Synthesis Summary
  3. Analysis & Synthesis Settings
  4. Parallel Compilation
  5. Analysis & Synthesis Source Files Read
  6. Analysis & Synthesis Resource Usage Summary
  7. Analysis & Synthesis Resource Utilization by Entity
  8. State Machine - |traffic_light_top|BC:bc_map|currentState
  9. General Register Statistics
 10. Multiplexer Restructuring Statistics (Restructuring Performed)
 11. Parameter Settings for User Entity Instance: BO:bo_map|register_n_bits:Rcktimer
 12. Parameter Settings for User Entity Instance: BO:bo_map|adder_n_bits:Acktimer
 13. Parameter Settings for User Entity Instance: BO:bo_map|compareIfEqual_n_bits:Cs1
 14. Parameter Settings for User Entity Instance: BO:bo_map|register_n_bits:Rtime
 15. Parameter Settings for User Entity Instance: BO:bo_map|adder_n_bits:Atime
 16. Parameter Settings for User Entity Instance: BO:bo_map|compareIfEqual_n_bits:Cs45
 17. Parameter Settings for User Entity Instance: BO:bo_map|compareIfEqual_n_bits:Cs50
 18. Parameter Settings for User Entity Instance: BO:bo_map|compareIfEqual_n_bits:Cs55
 19. Parameter Settings for User Entity Instance: BO:bo_map|compareIfEqual_n_bits:Cs100
 20. Parameter Settings for User Entity Instance: BO:bo_map|compareIfEqual_n_bits:Cs105
 21. Parameter Settings for User Entity Instance: BO:bo_map|compareIfEqual_n_bits:Cs110
 22. Parameter Settings for User Entity Instance: BO:bo_map|compareIfEqual_n_bits:Cs135
 23. Parameter Settings for User Entity Instance: BO:bo_map|compareIfEqual_n_bits:Cs140
 24. Parameter Settings for User Entity Instance: BO:bo_map|mux4x1_n_bits:MNS
 25. Parameter Settings for User Entity Instance: BO:bo_map|register_n_bits:RNS
 26. Parameter Settings for User Entity Instance: BO:bo_map|mux2x1_n_bits:MP
 27. Parameter Settings for User Entity Instance: BO:bo_map|register_n_bits:RP
 28. Parameter Settings for User Entity Instance: BO:bo_map|mux4x1_n_bits:MEW
 29. Parameter Settings for User Entity Instance: BO:bo_map|register_n_bits:REW
 30. Port Connectivity Checks: "BO:bo_map|mux4x1_n_bits:MEW"
 31. Port Connectivity Checks: "BO:bo_map|mux2x1_n_bits:MP"
 32. Port Connectivity Checks: "BO:bo_map|mux4x1_n_bits:MNS"
 33. Port Connectivity Checks: "BO:bo_map|compareIfEqual_n_bits:Cs140"
 34. Port Connectivity Checks: "BO:bo_map|compareIfEqual_n_bits:Cs135"
 35. Port Connectivity Checks: "BO:bo_map|compareIfEqual_n_bits:Cs110"
 36. Port Connectivity Checks: "BO:bo_map|compareIfEqual_n_bits:Cs105"
 37. Port Connectivity Checks: "BO:bo_map|compareIfEqual_n_bits:Cs100"
 38. Port Connectivity Checks: "BO:bo_map|compareIfEqual_n_bits:Cs55"
 39. Port Connectivity Checks: "BO:bo_map|compareIfEqual_n_bits:Cs50"
 40. Port Connectivity Checks: "BO:bo_map|compareIfEqual_n_bits:Cs45"
 41. Port Connectivity Checks: "BO:bo_map|adder_n_bits:Atime"
 42. Port Connectivity Checks: "BO:bo_map|compareIfEqual_n_bits:Cs1"
 43. Port Connectivity Checks: "BO:bo_map|adder_n_bits:Acktimer"
 44. Elapsed Time Per Partition
 45. Analysis & Synthesis Messages



----------------
; Legal Notice ;
----------------
Copyright (C) 1991-2013 Altera Corporation
Your use of Altera Corporation's design tools, logic functions 
and other software and tools, and its AMPP partner logic 
functions, and any output files from any of the foregoing 
(including device programming or simulation files), and any 
associated documentation or information are expressly subject 
to the terms and conditions of the Altera Program License 
Subscription Agreement, Altera MegaCore Function License 
Agreement, or other applicable license agreement, including, 
without limitation, that your use is for the sole purpose of 
programming logic devices manufactured by Altera and sold by 
Altera or its authorized distributors.  Please refer to the 
applicable agreement for further details.



+--------------------------------------------------------------------------------------+
; Analysis & Synthesis Summary                                                         ;
+------------------------------------+-------------------------------------------------+
; Analysis & Synthesis Status        ; Successful - Wed Oct 10 21:14:48 2018           ;
; Quartus II 64-Bit Version          ; 13.0.1 Build 232 06/12/2013 SP 1 SJ Web Edition ;
; Revision Name                      ; Traffic_Light                                   ;
; Top-level Entity Name              ; traffic_light_top                               ;
; Family                             ; Cyclone II                                      ;
; Total logic elements               ; 80                                              ;
;     Total combinational functions  ; 78                                              ;
;     Dedicated logic registers      ; 51                                              ;
; Total registers                    ; 51                                              ;
; Total pins                         ; 10                                              ;
; Total virtual pins                 ; 0                                               ;
; Total memory bits                  ; 0                                               ;
; Embedded Multiplier 9-bit elements ; 0                                               ;
; Total PLLs                         ; 0                                               ;
+------------------------------------+-------------------------------------------------+


+----------------------------------------------------------------------------------------------------------------------+
; Analysis & Synthesis Settings                                                                                        ;
+----------------------------------------------------------------------------+--------------------+--------------------+
; Option                                                                     ; Setting            ; Default Value      ;
+----------------------------------------------------------------------------+--------------------+--------------------+
; Device                                                                     ; EP2C35F672C6       ;                    ;
; Top-level entity name                                                      ; traffic_light_top  ; Traffic_Light      ;
; Family name                                                                ; Cyclone II         ; Cyclone IV GX      ;
; Use smart compilation                                                      ; Off                ; Off                ;
; Enable parallel Assembler and TimeQuest Timing Analyzer during compilation ; On                 ; On                 ;
; Enable compact report table                                                ; Off                ; Off                ;
; Restructure Multiplexers                                                   ; Auto               ; Auto               ;
; Create Debugging Nodes for IP Cores                                        ; Off                ; Off                ;
; Preserve fewer node names                                                  ; On                 ; On                 ;
; Disable OpenCore Plus hardware evaluation                                  ; Off                ; Off                ;
; Verilog Version                                                            ; Verilog_2001       ; Verilog_2001       ;
; VHDL Version                                                               ; VHDL_1993          ; VHDL_1993          ;
; State Machine Processing                                                   ; Auto               ; Auto               ;
; Safe State Machine                                                         ; Off                ; Off                ;
; Extract Verilog State Machines                                             ; On                 ; On                 ;
; Extract VHDL State Machines                                                ; On                 ; On                 ;
; Ignore Verilog initial constructs                                          ; Off                ; Off                ;
; Iteration limit for constant Verilog loops                                 ; 5000               ; 5000               ;
; Iteration limit for non-constant Verilog loops                             ; 250                ; 250                ;
; Add Pass-Through Logic to Inferred RAMs                                    ; On                 ; On                 ;
; Infer RAMs from Raw Logic                                                  ; On                 ; On                 ;
; Parallel Synthesis                                                         ; On                 ; On                 ;
; DSP Block Balancing                                                        ; Auto               ; Auto               ;
; NOT Gate Push-Back                                                         ; On                 ; On                 ;
; Power-Up Don't Care                                                        ; On                 ; On                 ;
; Remove Redundant Logic Cells                                               ; Off                ; Off                ;
; Remove Duplicate Registers                                                 ; On                 ; On                 ;
; Ignore CARRY Buffers                                                       ; Off                ; Off                ;
; Ignore CASCADE Buffers                                                     ; Off                ; Off                ;
; Ignore GLOBAL Buffers                                                      ; Off                ; Off                ;
; Ignore ROW GLOBAL Buffers                                                  ; Off                ; Off                ;
; Ignore LCELL Buffers                                                       ; Off                ; Off                ;
; Ignore SOFT Buffers                                                        ; On                 ; On                 ;
; Limit AHDL Integers to 32 Bits                                             ; Off                ; Off                ;
; Optimization Technique                                                     ; Balanced           ; Balanced           ;
; Carry Chain Length                                                         ; 70                 ; 70                 ;
; Auto Carry Chains                                                          ; On                 ; On                 ;
; Auto Open-Drain Pins                                                       ; On                 ; On                 ;
; Perform WYSIWYG Primitive Resynthesis                                      ; Off                ; Off                ;
; Auto ROM Replacement                                                       ; On                 ; On                 ;
; Auto RAM Replacement                                                       ; On                 ; On                 ;
; Auto Shift Register Replacement                                            ; Auto               ; Auto               ;
; Allow Shift Register Merging across Hierarchies                            ; Auto               ; Auto               ;
; Auto Clock Enable Replacement                                              ; On                 ; On                 ;
; Strict RAM Replacement                                                     ; Off                ; Off                ;
; Allow Synchronous Control Signals                                          ; On                 ; On                 ;
; Force Use of Synchronous Clear Signals                                     ; Off                ; Off                ;
; Auto RAM to Logic Cell Conversion                                          ; Off                ; Off                ;
; Auto Resource Sharing                                                      ; Off                ; Off                ;
; Allow Any RAM Size For Recognition                                         ; Off                ; Off                ;
; Allow Any ROM Size For Recognition                                         ; Off                ; Off                ;
; Allow Any Shift Register Size For Recognition                              ; Off                ; Off                ;
; Use LogicLock Constraints during Resource Balancing                        ; On                 ; On                 ;
; Ignore translate_off and synthesis_off directives                          ; Off                ; Off                ;
; Timing-Driven Synthesis                                                    ; Off                ; Off                ;
; Report Parameter Settings                                                  ; On                 ; On                 ;
; Report Source Assignments                                                  ; On                 ; On                 ;
; Report Connectivity Checks                                                 ; On                 ; On                 ;
; Ignore Maximum Fan-Out Assignments                                         ; Off                ; Off                ;
; Synchronization Register Chain Length                                      ; 2                  ; 2                  ;
; PowerPlay Power Optimization                                               ; Normal compilation ; Normal compilation ;
; HDL message level                                                          ; Level2             ; Level2             ;
; Suppress Register Optimization Related Messages                            ; Off                ; Off                ;
; Number of Removed Registers Reported in Synthesis Report                   ; 5000               ; 5000               ;
; Number of Swept Nodes Reported in Synthesis Report                         ; 5000               ; 5000               ;
; Number of Inverted Registers Reported in Synthesis Report                  ; 100                ; 100                ;
; Clock MUX Protection                                                       ; On                 ; On                 ;
; Auto Gated Clock Conversion                                                ; Off                ; Off                ;
; Block Design Naming                                                        ; Auto               ; Auto               ;
; SDC constraint protection                                                  ; Off                ; Off                ;
; Synthesis Effort                                                           ; Auto               ; Auto               ;
; Shift Register Replacement - Allow Asynchronous Clear Signal               ; On                 ; On                 ;
; Pre-Mapping Resynthesis Optimization                                       ; Off                ; Off                ;
; Analysis & Synthesis Message Level                                         ; Medium             ; Medium             ;
; Disable Register Merging Across Hierarchies                                ; Auto               ; Auto               ;
; Resource Aware Inference For Block RAM                                     ; On                 ; On                 ;
; Synthesis Seed                                                             ; 1                  ; 1                  ;
+----------------------------------------------------------------------------+--------------------+--------------------+


Parallel compilation was disabled, but you have multiple processors available. Enable parallel compilation to reduce compilation time.
+-------------------------------------+
; Parallel Compilation                ;
+----------------------------+--------+
; Processors                 ; Number ;
+----------------------------+--------+
; Number detected on machine ; 4      ;
; Maximum allowed            ; 1      ;
+----------------------------+--------+


+---------------------------------------------------------------------------------------------------------------------------------------------------------+
; Analysis & Synthesis Source Files Read                                                                                                                  ;
+----------------------------------+-----------------+-----------------+------------------------------------------------------------------------+---------+
; File Name with User-Entered Path ; Used in Netlist ; File Type       ; File Name with Absolute Path                                           ; Library ;
+----------------------------------+-----------------+-----------------+------------------------------------------------------------------------+---------+
; traffic_light_top.vhd            ; yes             ; User VHDL File  ; C:/Users/HsMatheus/Desktop/Alan_Matheus/VHDL/traffic_light_top.vhd     ;         ;
; adder_n_bits.vhd                 ; yes             ; User VHDL File  ; C:/Users/HsMatheus/Desktop/Alan_Matheus/VHDL/adder_n_bits.vhd          ;         ;
; BC.vhd                           ; yes             ; User VHDL File  ; C:/Users/HsMatheus/Desktop/Alan_Matheus/VHDL/BC.vhd                    ;         ;
; register_n_bits.vhd              ; yes             ; User VHDL File  ; C:/Users/HsMatheus/Desktop/Alan_Matheus/VHDL/register_n_bits.vhd       ;         ;
; compareIfEqual_n_bits.vhd        ; yes             ; User VHDL File  ; C:/Users/HsMatheus/Desktop/Alan_Matheus/VHDL/compareIfEqual_n_bits.vhd ;         ;
; BO.vhd                           ; yes             ; User VHDL File  ; C:/Users/HsMatheus/Desktop/Alan_Matheus/VHDL/BO.vhd                    ;         ;
; mux2x1_n_bits.vhd                ; yes             ; User VHDL File  ; C:/Users/HsMatheus/Desktop/Alan_Matheus/VHDL/mux2x1_n_bits.vhd         ;         ;
; mux4x1_n_bits.vhd                ; yes             ; User VHDL File  ; C:/Users/HsMatheus/Desktop/Alan_Matheus/VHDL/mux4x1_n_bits.vhd         ;         ;
+----------------------------------+-----------------+-----------------+------------------------------------------------------------------------+---------+


+-----------------------------------------------------+
; Analysis & Synthesis Resource Usage Summary         ;
+---------------------------------------------+-------+
; Resource                                    ; Usage ;
+---------------------------------------------+-------+
; Estimated Total logic elements              ; 80    ;
;                                             ;       ;
; Total combinational functions               ; 78    ;
; Logic element usage by number of LUT inputs ;       ;
;     -- 4 input functions                    ; 28    ;
;     -- 3 input functions                    ; 10    ;
;     -- <=2 input functions                  ; 40    ;
;                                             ;       ;
; Logic elements by mode                      ;       ;
;     -- normal mode                          ; 48    ;
;     -- arithmetic mode                      ; 30    ;
;                                             ;       ;
; Total registers                             ; 51    ;
;     -- Dedicated logic registers            ; 51    ;
;     -- I/O registers                        ; 0     ;
;                                             ;       ;
; I/O pins                                    ; 10    ;
; Embedded Multiplier 9-bit elements          ; 0     ;
; Maximum fan-out node                        ; clock ;
; Maximum fan-out                             ; 51    ;
; Total fan-out                               ; 419   ;
; Average fan-out                             ; 3.01  ;
+---------------------------------------------+-------+


+---------------------------------------------------------------------------------------------------------------------------------------------------------------------------------------------------------------------------+
; Analysis & Synthesis Resource Utilization by Entity                                                                                                                                                                       ;
+-------------------------------------+-------------------+--------------+-------------+--------------+---------+-----------+------+--------------+----------------------------------------------------------+--------------+
; Compilation Hierarchy Node          ; LC Combinationals ; LC Registers ; Memory Bits ; DSP Elements ; DSP 9x9 ; DSP 18x18 ; Pins ; Virtual Pins ; Full Hierarchy Name                                      ; Library Name ;
+-------------------------------------+-------------------+--------------+-------------+--------------+---------+-----------+------+--------------+----------------------------------------------------------+--------------+
; |traffic_light_top                  ; 78 (0)            ; 51 (0)       ; 0           ; 0            ; 0       ; 0         ; 10   ; 0            ; |traffic_light_top                                       ; work         ;
;    |BC:bc_map|                      ; 30 (30)           ; 9 (9)        ; 0           ; 0            ; 0       ; 0         ; 0    ; 0            ; |traffic_light_top|BC:bc_map                             ; work         ;
;    |BO:bo_map|                      ; 48 (0)            ; 42 (0)       ; 0           ; 0            ; 0       ; 0         ; 0    ; 0            ; |traffic_light_top|BO:bo_map                             ; work         ;
;       |compareIfEqual_n_bits:Cs100| ; 3 (3)             ; 0 (0)        ; 0           ; 0            ; 0       ; 0         ; 0    ; 0            ; |traffic_light_top|BO:bo_map|compareIfEqual_n_bits:Cs100 ; work         ;
;       |compareIfEqual_n_bits:Cs110| ; 1 (1)             ; 0 (0)        ; 0           ; 0            ; 0       ; 0         ; 0    ; 0            ; |traffic_light_top|BO:bo_map|compareIfEqual_n_bits:Cs110 ; work         ;
;       |compareIfEqual_n_bits:Cs140| ; 2 (2)             ; 0 (0)        ; 0           ; 0            ; 0       ; 0         ; 0    ; 0            ; |traffic_light_top|BO:bo_map|compareIfEqual_n_bits:Cs140 ; work         ;
;       |compareIfEqual_n_bits:Cs45|  ; 2 (2)             ; 0 (0)        ; 0           ; 0            ; 0       ; 0         ; 0    ; 0            ; |traffic_light_top|BO:bo_map|compareIfEqual_n_bits:Cs45  ; work         ;
;       |compareIfEqual_n_bits:Cs55|  ; 2 (2)             ; 0 (0)        ; 0           ; 0            ; 0       ; 0         ; 0    ; 0            ; |traffic_light_top|BO:bo_map|compareIfEqual_n_bits:Cs55  ; work         ;
;       |mux4x1_n_bits:MEW|           ; 2 (2)             ; 0 (0)        ; 0           ; 0            ; 0       ; 0         ; 0    ; 0            ; |traffic_light_top|BO:bo_map|mux4x1_n_bits:MEW           ; work         ;
;       |mux4x1_n_bits:MNS|           ; 1 (1)             ; 0 (0)        ; 0           ; 0            ; 0       ; 0         ; 0    ; 0            ; |traffic_light_top|BO:bo_map|mux4x1_n_bits:MNS           ; work         ;
;       |register_n_bits:REW|         ; 0 (0)             ; 3 (3)        ; 0           ; 0            ; 0       ; 0         ; 0    ; 0            ; |traffic_light_top|BO:bo_map|register_n_bits:REW         ; work         ;
;       |register_n_bits:RNS|         ; 0 (0)             ; 3 (3)        ; 0           ; 0            ; 0       ; 0         ; 0    ; 0            ; |traffic_light_top|BO:bo_map|register_n_bits:RNS         ; work         ;
;       |register_n_bits:RP|          ; 1 (1)             ; 2 (2)        ; 0           ; 0            ; 0       ; 0         ; 0    ; 0            ; |traffic_light_top|BO:bo_map|register_n_bits:RP          ; work         ;
;       |register_n_bits:Rcktimer|    ; 26 (26)           ; 26 (26)      ; 0           ; 0            ; 0       ; 0         ; 0    ; 0            ; |traffic_light_top|BO:bo_map|register_n_bits:Rcktimer    ; work         ;
;       |register_n_bits:Rtime|       ; 8 (8)             ; 8 (8)        ; 0           ; 0            ; 0       ; 0         ; 0    ; 0            ; |traffic_light_top|BO:bo_map|register_n_bits:Rtime       ; work         ;
+-------------------------------------+-------------------+--------------+-------------+--------------+---------+-----------+------+--------------+----------------------------------------------------------+--------------+
Note: For table entries with two numbers listed, the numbers in parentheses indicate the number of resources of the given type used by the specific entity alone. The numbers listed outside of parentheses indicate the total resources of the given type used by the specific entity and all of its sub-entities in the hierarchy.


Encoding Type:  One-Hot
+---------------------------------------------------------------------------------------------------------------------------------------------------------------------------------------+
; State Machine - |traffic_light_top|BC:bc_map|currentState                                                                                                                             ;
+-------------------+-----------------+-----------------+-----------------+-----------------+-----------------+-----------------+-----------------+-----------------+-------------------+
; Name              ; currentState.S8 ; currentState.S7 ; currentState.S6 ; currentState.S5 ; currentState.S4 ; currentState.S3 ; currentState.S2 ; currentState.S0 ; currentState.init ;
+-------------------+-----------------+-----------------+-----------------+-----------------+-----------------+-----------------+-----------------+-----------------+-------------------+
; currentState.init ; 0               ; 0               ; 0               ; 0               ; 0               ; 0               ; 0               ; 0               ; 0                 ;
; currentState.S0   ; 0               ; 0               ; 0               ; 0               ; 0               ; 0               ; 0               ; 1               ; 1                 ;
; currentState.S2   ; 0               ; 0               ; 0               ; 0               ; 0               ; 0               ; 1               ; 0               ; 1                 ;
; currentState.S3   ; 0               ; 0               ; 0               ; 0               ; 0               ; 1               ; 0               ; 0               ; 1                 ;
; currentState.S4   ; 0               ; 0               ; 0               ; 0               ; 1               ; 0               ; 0               ; 0               ; 1                 ;
; currentState.S5   ; 0               ; 0               ; 0               ; 1               ; 0               ; 0               ; 0               ; 0               ; 1                 ;
; currentState.S6   ; 0               ; 0               ; 1               ; 0               ; 0               ; 0               ; 0               ; 0               ; 1                 ;
; currentState.S7   ; 0               ; 1               ; 0               ; 0               ; 0               ; 0               ; 0               ; 0               ; 1                 ;
; currentState.S8   ; 1               ; 0               ; 0               ; 0               ; 0               ; 0               ; 0               ; 0               ; 1                 ;
+-------------------+-----------------+-----------------+-----------------+-----------------+-----------------+-----------------+-----------------+-----------------+-------------------+


+------------------------------------------------------+
; General Register Statistics                          ;
+----------------------------------------------+-------+
; Statistic                                    ; Value ;
+----------------------------------------------+-------+
; Total registers                              ; 51    ;
; Number of registers using Synchronous Clear  ; 0     ;
; Number of registers using Synchronous Load   ; 0     ;
; Number of registers using Asynchronous Clear ; 51    ;
; Number of registers using Asynchronous Load  ; 0     ;
; Number of registers using Clock Enable       ; 40    ;
; Number of registers using Preset             ; 0     ;
+----------------------------------------------+-------+


+-----------------------------------------------------------------------------------------------------------------------------------------------------------+
; Multiplexer Restructuring Statistics (Restructuring Performed)                                                                                            ;
+--------------------+-----------+---------------+----------------------+------------------------+------------+---------------------------------------------+
; Multiplexer Inputs ; Bus Width ; Baseline Area ; Area if Restructured ; Saving if Restructured ; Registered ; Example Multiplexer Output                  ;
+--------------------+-----------+---------------+----------------------+------------------------+------------+---------------------------------------------+
; 9:1                ; 7 bits    ; 42 LEs        ; 42 LEs               ; 0 LEs                  ; No         ; |traffic_light_top|BC:bc_map|nextState.init ;
+--------------------+-----------+---------------+----------------------+------------------------+------------+---------------------------------------------+


+---------------------------------------------------------------------------------+
; Parameter Settings for User Entity Instance: BO:bo_map|register_n_bits:Rcktimer ;
+----------------+-------+--------------------------------------------------------+
; Parameter Name ; Value ; Type                                                   ;
+----------------+-------+--------------------------------------------------------+
; n              ; 26    ; Signed Integer                                         ;
+----------------+-------+--------------------------------------------------------+
Note: In order to hide this table in the UI and the text report file, please set the "Show Parameter Settings in Synthesis Report" option in "Analysis and Synthesis Settings -> More Settings" to "Off".


+------------------------------------------------------------------------------+
; Parameter Settings for User Entity Instance: BO:bo_map|adder_n_bits:Acktimer ;
+----------------+-------+-----------------------------------------------------+
; Parameter Name ; Value ; Type                                                ;
+----------------+-------+-----------------------------------------------------+
; n              ; 26    ; Signed Integer                                      ;
+----------------+-------+-----------------------------------------------------+
Note: In order to hide this table in the UI and the text report file, please set the "Show Parameter Settings in Synthesis Report" option in "Analysis and Synthesis Settings -> More Settings" to "Off".


+----------------------------------------------------------------------------------+
; Parameter Settings for User Entity Instance: BO:bo_map|compareIfEqual_n_bits:Cs1 ;
+----------------+-------+---------------------------------------------------------+
; Parameter Name ; Value ; Type                                                    ;
+----------------+-------+---------------------------------------------------------+
; n              ; 26    ; Signed Integer                                          ;
+----------------+-------+---------------------------------------------------------+
Note: In order to hide this table in the UI and the text report file, please set the "Show Parameter Settings in Synthesis Report" option in "Analysis and Synthesis Settings -> More Settings" to "Off".


+------------------------------------------------------------------------------+
; Parameter Settings for User Entity Instance: BO:bo_map|register_n_bits:Rtime ;
+----------------+-------+-----------------------------------------------------+
; Parameter Name ; Value ; Type                                                ;
+----------------+-------+-----------------------------------------------------+
; n              ; 8     ; Signed Integer                                      ;
+----------------+-------+-----------------------------------------------------+
Note: In order to hide this table in the UI and the text report file, please set the "Show Parameter Settings in Synthesis Report" option in "Analysis and Synthesis Settings -> More Settings" to "Off".


+---------------------------------------------------------------------------+
; Parameter Settings for User Entity Instance: BO:bo_map|adder_n_bits:Atime ;
+----------------+-------+--------------------------------------------------+
; Parameter Name ; Value ; Type                                             ;
+----------------+-------+--------------------------------------------------+
; n              ; 8     ; Signed Integer                                   ;
+----------------+-------+--------------------------------------------------+
Note: In order to hide this table in the UI and the text report file, please set the "Show Parameter Settings in Synthesis Report" option in "Analysis and Synthesis Settings -> More Settings" to "Off".


+-----------------------------------------------------------------------------------+
; Parameter Settings for User Entity Instance: BO:bo_map|compareIfEqual_n_bits:Cs45 ;
+----------------+-------+----------------------------------------------------------+
; Parameter Name ; Value ; Type                                                     ;
+----------------+-------+----------------------------------------------------------+
; n              ; 8     ; Signed Integer                                           ;
+----------------+-------+----------------------------------------------------------+
Note: In order to hide this table in the UI and the text report file, please set the "Show Parameter Settings in Synthesis Report" option in "Analysis and Synthesis Settings -> More Settings" to "Off".


+-----------------------------------------------------------------------------------+
; Parameter Settings for User Entity Instance: BO:bo_map|compareIfEqual_n_bits:Cs50 ;
+----------------+-------+----------------------------------------------------------+
; Parameter Name ; Value ; Type                                                     ;
+----------------+-------+----------------------------------------------------------+
; n              ; 8     ; Signed Integer                                           ;
+----------------+-------+----------------------------------------------------------+
Note: In order to hide this table in the UI and the text report file, please set the "Show Parameter Settings in Synthesis Report" option in "Analysis and Synthesis Settings -> More Settings" to "Off".


+-----------------------------------------------------------------------------------+
; Parameter Settings for User Entity Instance: BO:bo_map|compareIfEqual_n_bits:Cs55 ;
+----------------+-------+----------------------------------------------------------+
; Parameter Name ; Value ; Type                                                     ;
+----------------+-------+----------------------------------------------------------+
; n              ; 8     ; Signed Integer                                           ;
+----------------+-------+----------------------------------------------------------+
Note: In order to hide this table in the UI and the text report file, please set the "Show Parameter Settings in Synthesis Report" option in "Analysis and Synthesis Settings -> More Settings" to "Off".


+------------------------------------------------------------------------------------+
; Parameter Settings for User Entity Instance: BO:bo_map|compareIfEqual_n_bits:Cs100 ;
+----------------+-------+-----------------------------------------------------------+
; Parameter Name ; Value ; Type                                                      ;
+----------------+-------+-----------------------------------------------------------+
; n              ; 8     ; Signed Integer                                            ;
+----------------+-------+-----------------------------------------------------------+
Note: In order to hide this table in the UI and the text report file, please set the "Show Parameter Settings in Synthesis Report" option in "Analysis and Synthesis Settings -> More Settings" to "Off".


+------------------------------------------------------------------------------------+
; Parameter Settings for User Entity Instance: BO:bo_map|compareIfEqual_n_bits:Cs105 ;
+----------------+-------+-----------------------------------------------------------+
; Parameter Name ; Value ; Type                                                      ;
+----------------+-------+-----------------------------------------------------------+
; n              ; 8     ; Signed Integer                                            ;
+----------------+-------+-----------------------------------------------------------+
Note: In order to hide this table in the UI and the text report file, please set the "Show Parameter Settings in Synthesis Report" option in "Analysis and Synthesis Settings -> More Settings" to "Off".


+------------------------------------------------------------------------------------+
; Parameter Settings for User Entity Instance: BO:bo_map|compareIfEqual_n_bits:Cs110 ;
+----------------+-------+-----------------------------------------------------------+
; Parameter Name ; Value ; Type                                                      ;
+----------------+-------+-----------------------------------------------------------+
; n              ; 8     ; Signed Integer                                            ;
+----------------+-------+-----------------------------------------------------------+
Note: In order to hide this table in the UI and the text report file, please set the "Show Parameter Settings in Synthesis Report" option in "Analysis and Synthesis Settings -> More Settings" to "Off".


+------------------------------------------------------------------------------------+
; Parameter Settings for User Entity Instance: BO:bo_map|compareIfEqual_n_bits:Cs135 ;
+----------------+-------+-----------------------------------------------------------+
; Parameter Name ; Value ; Type                                                      ;
+----------------+-------+-----------------------------------------------------------+
; n              ; 8     ; Signed Integer                                            ;
+----------------+-------+-----------------------------------------------------------+
Note: In order to hide this table in the UI and the text report file, please set the "Show Parameter Settings in Synthesis Report" option in "Analysis and Synthesis Settings -> More Settings" to "Off".


+------------------------------------------------------------------------------------+
; Parameter Settings for User Entity Instance: BO:bo_map|compareIfEqual_n_bits:Cs140 ;
+----------------+-------+-----------------------------------------------------------+
; Parameter Name ; Value ; Type                                                      ;
+----------------+-------+-----------------------------------------------------------+
; n              ; 8     ; Signed Integer                                            ;
+----------------+-------+-----------------------------------------------------------+
Note: In order to hide this table in the UI and the text report file, please set the "Show Parameter Settings in Synthesis Report" option in "Analysis and Synthesis Settings -> More Settings" to "Off".


+--------------------------------------------------------------------------+
; Parameter Settings for User Entity Instance: BO:bo_map|mux4x1_n_bits:MNS ;
+----------------+-------+-------------------------------------------------+
; Parameter Name ; Value ; Type                                            ;
+----------------+-------+-------------------------------------------------+
; n              ; 3     ; Signed Integer                                  ;
+----------------+-------+-------------------------------------------------+
Note: In order to hide this table in the UI and the text report file, please set the "Show Parameter Settings in Synthesis Report" option in "Analysis and Synthesis Settings -> More Settings" to "Off".


+----------------------------------------------------------------------------+
; Parameter Settings for User Entity Instance: BO:bo_map|register_n_bits:RNS ;
+----------------+-------+---------------------------------------------------+
; Parameter Name ; Value ; Type                                              ;
+----------------+-------+---------------------------------------------------+
; n              ; 3     ; Signed Integer                                    ;
+----------------+-------+---------------------------------------------------+
Note: In order to hide this table in the UI and the text report file, please set the "Show Parameter Settings in Synthesis Report" option in "Analysis and Synthesis Settings -> More Settings" to "Off".


+-------------------------------------------------------------------------+
; Parameter Settings for User Entity Instance: BO:bo_map|mux2x1_n_bits:MP ;
+----------------+-------+------------------------------------------------+
; Parameter Name ; Value ; Type                                           ;
+----------------+-------+------------------------------------------------+
; n              ; 2     ; Signed Integer                                 ;
+----------------+-------+------------------------------------------------+
Note: In order to hide this table in the UI and the text report file, please set the "Show Parameter Settings in Synthesis Report" option in "Analysis and Synthesis Settings -> More Settings" to "Off".


+---------------------------------------------------------------------------+
; Parameter Settings for User Entity Instance: BO:bo_map|register_n_bits:RP ;
+----------------+-------+--------------------------------------------------+
; Parameter Name ; Value ; Type                                             ;
+----------------+-------+--------------------------------------------------+
; n              ; 2     ; Signed Integer                                   ;
+----------------+-------+--------------------------------------------------+
Note: In order to hide this table in the UI and the text report file, please set the "Show Parameter Settings in Synthesis Report" option in "Analysis and Synthesis Settings -> More Settings" to "Off".


+--------------------------------------------------------------------------+
; Parameter Settings for User Entity Instance: BO:bo_map|mux4x1_n_bits:MEW ;
+----------------+-------+-------------------------------------------------+
; Parameter Name ; Value ; Type                                            ;
+----------------+-------+-------------------------------------------------+
; n              ; 3     ; Signed Integer                                  ;
+----------------+-------+-------------------------------------------------+
Note: In order to hide this table in the UI and the text report file, please set the "Show Parameter Settings in Synthesis Report" option in "Analysis and Synthesis Settings -> More Settings" to "Off".


+----------------------------------------------------------------------------+
; Parameter Settings for User Entity Instance: BO:bo_map|register_n_bits:REW ;
+----------------+-------+---------------------------------------------------+
; Parameter Name ; Value ; Type                                              ;
+----------------+-------+---------------------------------------------------+
; n              ; 3     ; Signed Integer                                    ;
+----------------+-------+---------------------------------------------------+
Note: In order to hide this table in the UI and the text report file, please set the "Show Parameter Settings in Synthesis Report" option in "Analysis and Synthesis Settings -> More Settings" to "Off".


+---------------------------------------------------------+
; Port Connectivity Checks: "BO:bo_map|mux4x1_n_bits:MEW" ;
+-------------+-------+----------+------------------------+
; Port        ; Type  ; Severity ; Details                ;
+-------------+-------+----------+------------------------+
; inpt0[1..0] ; Input ; Info     ; Stuck at GND           ;
; inpt0[2]    ; Input ; Info     ; Stuck at VCC           ;
; inpt1[2]    ; Input ; Info     ; Stuck at GND           ;
; inpt1[1]    ; Input ; Info     ; Stuck at VCC           ;
; inpt1[0]    ; Input ; Info     ; Stuck at GND           ;
; inpt2[2..1] ; Input ; Info     ; Stuck at GND           ;
; inpt2[0]    ; Input ; Info     ; Stuck at VCC           ;
; inpt3       ; Input ; Info     ; Stuck at GND           ;
+-------------+-------+----------+------------------------+


+--------------------------------------------------------+
; Port Connectivity Checks: "BO:bo_map|mux2x1_n_bits:MP" ;
+----------+-------+----------+--------------------------+
; Port     ; Type  ; Severity ; Details                  ;
+----------+-------+----------+--------------------------+
; inpt0[1] ; Input ; Info     ; Stuck at VCC             ;
; inpt0[0] ; Input ; Info     ; Stuck at GND             ;
; inpt1[1] ; Input ; Info     ; Stuck at GND             ;
; inpt1[0] ; Input ; Info     ; Stuck at VCC             ;
+----------+-------+----------+--------------------------+


+---------------------------------------------------------+
; Port Connectivity Checks: "BO:bo_map|mux4x1_n_bits:MNS" ;
+-------------+-------+----------+------------------------+
; Port        ; Type  ; Severity ; Details                ;
+-------------+-------+----------+------------------------+
; inpt0[1..0] ; Input ; Info     ; Stuck at GND           ;
; inpt0[2]    ; Input ; Info     ; Stuck at VCC           ;
; inpt1[2]    ; Input ; Info     ; Stuck at GND           ;
; inpt1[1]    ; Input ; Info     ; Stuck at VCC           ;
; inpt1[0]    ; Input ; Info     ; Stuck at GND           ;
; inpt2[2..1] ; Input ; Info     ; Stuck at GND           ;
; inpt2[0]    ; Input ; Info     ; Stuck at VCC           ;
; inpt3       ; Input ; Info     ; Stuck at GND           ;
+-------------+-------+----------+------------------------+


+-------------------------------------------------------------------+
; Port Connectivity Checks: "BO:bo_map|compareIfEqual_n_bits:Cs140" ;
+-------------+-------+----------+----------------------------------+
; Port        ; Type  ; Severity ; Details                          ;
+-------------+-------+----------+----------------------------------+
; inpt1[3..2] ; Input ; Info     ; Stuck at VCC                     ;
; inpt1[6..4] ; Input ; Info     ; Stuck at GND                     ;
; inpt1[1..0] ; Input ; Info     ; Stuck at GND                     ;
; inpt1[7]    ; Input ; Info     ; Stuck at VCC                     ;
+-------------+-------+----------+----------------------------------+


+-------------------------------------------------------------------+
; Port Connectivity Checks: "BO:bo_map|compareIfEqual_n_bits:Cs135" ;
+-------------+-------+----------+----------------------------------+
; Port        ; Type  ; Severity ; Details                          ;
+-------------+-------+----------+----------------------------------+
; inpt1[2..0] ; Input ; Info     ; Stuck at VCC                     ;
; inpt1[6..3] ; Input ; Info     ; Stuck at GND                     ;
; inpt1[7]    ; Input ; Info     ; Stuck at VCC                     ;
+-------------+-------+----------+----------------------------------+


+-------------------------------------------------------------------+
; Port Connectivity Checks: "BO:bo_map|compareIfEqual_n_bits:Cs110" ;
+-------------+-------+----------+----------------------------------+
; Port        ; Type  ; Severity ; Details                          ;
+-------------+-------+----------+----------------------------------+
; inpt1[6..5] ; Input ; Info     ; Stuck at VCC                     ;
; inpt1[3..1] ; Input ; Info     ; Stuck at VCC                     ;
; inpt1[7]    ; Input ; Info     ; Stuck at GND                     ;
; inpt1[4]    ; Input ; Info     ; Stuck at GND                     ;
; inpt1[0]    ; Input ; Info     ; Stuck at GND                     ;
+-------------+-------+----------+----------------------------------+


+-------------------------------------------------------------------+
; Port Connectivity Checks: "BO:bo_map|compareIfEqual_n_bits:Cs105" ;
+-------------+-------+----------+----------------------------------+
; Port        ; Type  ; Severity ; Details                          ;
+-------------+-------+----------+----------------------------------+
; inpt1[6..5] ; Input ; Info     ; Stuck at VCC                     ;
; inpt1[2..1] ; Input ; Info     ; Stuck at GND                     ;
; inpt1[7]    ; Input ; Info     ; Stuck at GND                     ;
; inpt1[4]    ; Input ; Info     ; Stuck at GND                     ;
; inpt1[3]    ; Input ; Info     ; Stuck at VCC                     ;
; inpt1[0]    ; Input ; Info     ; Stuck at VCC                     ;
+-------------+-------+----------+----------------------------------+


+-------------------------------------------------------------------+
; Port Connectivity Checks: "BO:bo_map|compareIfEqual_n_bits:Cs100" ;
+-------------+-------+----------+----------------------------------+
; Port        ; Type  ; Severity ; Details                          ;
+-------------+-------+----------+----------------------------------+
; inpt1[6..5] ; Input ; Info     ; Stuck at VCC                     ;
; inpt1[4..3] ; Input ; Info     ; Stuck at GND                     ;
; inpt1[1..0] ; Input ; Info     ; Stuck at GND                     ;
; inpt1[7]    ; Input ; Info     ; Stuck at GND                     ;
; inpt1[2]    ; Input ; Info     ; Stuck at VCC                     ;
+-------------+-------+----------+----------------------------------+


+------------------------------------------------------------------+
; Port Connectivity Checks: "BO:bo_map|compareIfEqual_n_bits:Cs55" ;
+-------------+-------+----------+---------------------------------+
; Port        ; Type  ; Severity ; Details                         ;
+-------------+-------+----------+---------------------------------+
; inpt1[5..4] ; Input ; Info     ; Stuck at VCC                    ;
; inpt1[2..0] ; Input ; Info     ; Stuck at VCC                    ;
; inpt1[7..6] ; Input ; Info     ; Stuck at GND                    ;
; inpt1[3]    ; Input ; Info     ; Stuck at GND                    ;
+-------------+-------+----------+---------------------------------+


+------------------------------------------------------------------+
; Port Connectivity Checks: "BO:bo_map|compareIfEqual_n_bits:Cs50" ;
+-------------+-------+----------+---------------------------------+
; Port        ; Type  ; Severity ; Details                         ;
+-------------+-------+----------+---------------------------------+
; inpt1[5..4] ; Input ; Info     ; Stuck at VCC                    ;
; inpt1[7..6] ; Input ; Info     ; Stuck at GND                    ;
; inpt1[3..2] ; Input ; Info     ; Stuck at GND                    ;
; inpt1[1]    ; Input ; Info     ; Stuck at VCC                    ;
; inpt1[0]    ; Input ; Info     ; Stuck at GND                    ;
+-------------+-------+----------+---------------------------------+


+------------------------------------------------------------------+
; Port Connectivity Checks: "BO:bo_map|compareIfEqual_n_bits:Cs45" ;
+-------------+-------+----------+---------------------------------+
; Port        ; Type  ; Severity ; Details                         ;
+-------------+-------+----------+---------------------------------+
; inpt1[3..2] ; Input ; Info     ; Stuck at VCC                    ;
; inpt1[7..6] ; Input ; Info     ; Stuck at GND                    ;
; inpt1[5]    ; Input ; Info     ; Stuck at VCC                    ;
; inpt1[4]    ; Input ; Info     ; Stuck at GND                    ;
; inpt1[1]    ; Input ; Info     ; Stuck at GND                    ;
; inpt1[0]    ; Input ; Info     ; Stuck at VCC                    ;
+-------------+-------+----------+---------------------------------+


+----------------------------------------------------------+
; Port Connectivity Checks: "BO:bo_map|adder_n_bits:Atime" ;
+-------------+-------+----------+-------------------------+
; Port        ; Type  ; Severity ; Details                 ;
+-------------+-------+----------+-------------------------+
; inpt1[7..1] ; Input ; Info     ; Stuck at GND            ;
; inpt1[0]    ; Input ; Info     ; Stuck at VCC            ;
+-------------+-------+----------+-------------------------+


+-----------------------------------------------------------------+
; Port Connectivity Checks: "BO:bo_map|compareIfEqual_n_bits:Cs1" ;
+--------------+-------+----------+-------------------------------+
; Port         ; Type  ; Severity ; Details                       ;
+--------------+-------+----------+-------------------------------+
; inpt1[8..4]  ; Input ; Info     ; Stuck at VCC                  ;
; inpt1[25..9] ; Input ; Info     ; Stuck at GND                  ;
; inpt1[1..0]  ; Input ; Info     ; Stuck at GND                  ;
; inpt1[3]     ; Input ; Info     ; Stuck at GND                  ;
; inpt1[2]     ; Input ; Info     ; Stuck at VCC                  ;
+--------------+-------+----------+-------------------------------+


+-------------------------------------------------------------+
; Port Connectivity Checks: "BO:bo_map|adder_n_bits:Acktimer" ;
+--------------+-------+----------+---------------------------+
; Port         ; Type  ; Severity ; Details                   ;
+--------------+-------+----------+---------------------------+
; inpt1[25..1] ; Input ; Info     ; Stuck at GND              ;
; inpt1[0]     ; Input ; Info     ; Stuck at VCC              ;
+--------------+-------+----------+---------------------------+


+-------------------------------+
; Elapsed Time Per Partition    ;
+----------------+--------------+
; Partition Name ; Elapsed Time ;
+----------------+--------------+
; Top            ; 00:00:00     ;
+----------------+--------------+


+-------------------------------+
; Analysis & Synthesis Messages ;
+-------------------------------+
Info: *******************************************************************
Info: Running Quartus II 64-Bit Analysis & Synthesis
    Info: Version 13.0.1 Build 232 06/12/2013 Service Pack 1 SJ Web Edition
    Info: Processing started: Wed Oct 10 21:14:45 2018
Info: Command: quartus_map --read_settings_files=on --write_settings_files=off Traffic_Light -c Traffic_Light
Warning (20028): Parallel compilation is not licensed and has been disabled
Info (12021): Found 2 design units, including 1 entities, in source file traffic_light_top.vhd
    Info (12022): Found design unit 1: traffic_light_top-archTop
    Info (12023): Found entity 1: traffic_light_top
Info (12021): Found 2 design units, including 1 entities, in source file adder_n_bits.vhd
    Info (12022): Found design unit 1: adder_n_bits-archAdder
    Info (12023): Found entity 1: adder_n_bits
Info (12021): Found 2 design units, including 1 entities, in source file bc.vhd
    Info (12022): Found design unit 1: BC-archBC
    Info (12023): Found entity 1: BC
Info (12021): Found 2 design units, including 1 entities, in source file register_n_bits.vhd
    Info (12022): Found design unit 1: register_n_bits-archRegister
    Info (12023): Found entity 1: register_n_bits
Info (12021): Found 2 design units, including 1 entities, in source file compareifequal_n_bits.vhd
    Info (12022): Found design unit 1: compareIfEqual_n_bits-archCompareIfEqual
    Info (12023): Found entity 1: compareIfEqual_n_bits
Info (12021): Found 2 design units, including 1 entities, in source file bo.vhd
    Info (12022): Found design unit 1: BO-archBO
    Info (12023): Found entity 1: BO
Info (12021): Found 2 design units, including 1 entities, in source file mux2x1_n_bits.vhd
    Info (12022): Found design unit 1: mux2x1_n_bits-archMux
    Info (12023): Found entity 1: mux2x1_n_bits
Info (12021): Found 2 design units, including 1 entities, in source file mux4x1_n_bits.vhd
    Info (12022): Found design unit 1: mux4x1_n_bits-archMux
    Info (12023): Found entity 1: mux4x1_n_bits
Info (12127): Elaborating entity "traffic_light_top" for the top level hierarchy
Info (12128): Elaborating entity "BC" for hierarchy "BC:bc_map"
Warning (10492): VHDL Process Statement warning at BC.vhd(26): signal "currentState" is read inside the Process Statement but isn't in the Process Statement's sensitivity list
Warning (10492): VHDL Process Statement warning at BC.vhd(27): signal "currentState" is read inside the Process Statement but isn't in the Process Statement's sensitivity list
Info (10041): Inferred latch for "cMuxEW[0]" at BC.vhd(120)
Info (10041): Inferred latch for "cMuxEW[1]" at BC.vhd(120)
Info (10041): Inferred latch for "cMuxNS[0]" at BC.vhd(102)
Info (10041): Inferred latch for "cMuxNS[1]" at BC.vhd(102)
Info (12128): Elaborating entity "BO" for hierarchy "BO:bo_map"
Info (12128): Elaborating entity "register_n_bits" for hierarchy "BO:bo_map|register_n_bits:Rcktimer"
Info (12128): Elaborating entity "adder_n_bits" for hierarchy "BO:bo_map|adder_n_bits:Acktimer"
Info (12128): Elaborating entity "compareIfEqual_n_bits" for hierarchy "BO:bo_map|compareIfEqual_n_bits:Cs1"
Info (12128): Elaborating entity "register_n_bits" for hierarchy "BO:bo_map|register_n_bits:Rtime"
Info (12128): Elaborating entity "adder_n_bits" for hierarchy "BO:bo_map|adder_n_bits:Atime"
Info (12128): Elaborating entity "compareIfEqual_n_bits" for hierarchy "BO:bo_map|compareIfEqual_n_bits:Cs45"
Info (12128): Elaborating entity "mux4x1_n_bits" for hierarchy "BO:bo_map|mux4x1_n_bits:MNS"
Info (12128): Elaborating entity "register_n_bits" for hierarchy "BO:bo_map|register_n_bits:RNS"
Info (12128): Elaborating entity "mux2x1_n_bits" for hierarchy "BO:bo_map|mux2x1_n_bits:MP"
Info (12128): Elaborating entity "register_n_bits" for hierarchy "BO:bo_map|register_n_bits:RP"
Info (16010): Generating hard_block partition "hard_block:auto_generated_inst"
    Info (16011): Adding 0 node(s), including 0 DDIO, 0 PLL, 0 transceiver and 0 LCELL
Info (21057): Implemented 93 device resources after synthesis - the final resource count might be different
    Info (21058): Implemented 2 input pins
    Info (21059): Implemented 8 output pins
    Info (21061): Implemented 83 logic cells
Info: Quartus II 64-Bit Analysis & Synthesis was successful. 0 errors, 3 warnings
    Info: Peak virtual memory: 4664 megabytes
    Info: Processing ended: Wed Oct 10 21:14:49 2018
    Info: Elapsed time: 00:00:04
    Info: Total CPU time (on all processors): 00:00:02


