Flow report for Traffic_Light
Thu Nov  8 10:40:22 2018
Quartus II 32-bit Version 13.0.1 Build 232 06/12/2013 Service Pack 1 SJ Web Edition


---------------------
; Table of Contents ;
---------------------
  1. Legal Notice
  2. Flow Summary
  3. Flow Settings
  4. Flow Non-Default Global Settings
  5. Flow Elapsed Time
  6. Flow OS Summary
  7. Flow Log
  8. Flow Messages
  9. Flow Suppressed Messages



----------------
; Legal Notice ;
----------------
Copyright (C) 1991-2013 Altera Corporation
Your use of Altera Corporation's design tools, logic functions 
and other software and tools, and its AMPP partner logic 
functions, and any output files from any of the foregoing 
(including device programming or simulation files), and any 
associated documentation or information are expressly subject 
to the terms and conditions of the Altera Program License 
Subscription Agreement, Altera MegaCore Function License 
Agreement, or other applicable license agreement, including, 
without limitation, that your use is for the sole purpose of 
programming logic devices manufactured by Altera and sold by 
Altera or its authorized distributors.  Please refer to the 
applicable agreement for further details.



+--------------------------------------------------------------------------------------+
; Flow Summary                                                                         ;
+------------------------------------+-------------------------------------------------+
; Flow Status                        ; Successful - Thu Nov  8 10:40:22 2018           ;
; Quartus II 32-bit Version          ; 13.0.1 Build 232 06/12/2013 SP 1 SJ Web Edition ;
; Revision Name                      ; Traffic_Light                                   ;
; Top-level Entity Name              ; traffic_light_top                               ;
; Family                             ; Cyclone II                                      ;
; Device                             ; EP2C35F672C6                                    ;
; Timing Models                      ; Final                                           ;
; Total logic elements               ; 83 / 33,216 ( < 1 % )                           ;
;     Total combinational functions  ; 79 / 33,216 ( < 1 % )                           ;
;     Dedicated logic registers      ; 51 / 33,216 ( < 1 % )                           ;
; Total registers                    ; 51                                              ;
; Total pins                         ; 20 / 475 ( 4 % )                                ;
; Total virtual pins                 ; 0                                               ;
; Total memory bits                  ; 0 / 483,840 ( 0 % )                             ;
; Embedded Multiplier 9-bit elements ; 0 / 70 ( 0 % )                                  ;
; Total PLLs                         ; 0 / 4 ( 0 % )                                   ;
+------------------------------------+-------------------------------------------------+


+-----------------------------------------+
; Flow Settings                           ;
+-------------------+---------------------+
; Option            ; Setting             ;
+-------------------+---------------------+
; Start date & time ; 11/08/2018 10:40:06 ;
; Main task         ; Compilation         ;
; Revision Name     ; Traffic_Light       ;
+-------------------+---------------------+


+----------------------------------------------------------------------------------------------------------------------------------+
; Flow Non-Default Global Settings                                                                                                 ;
+-------------------------------------+---------------------------------------+---------------+-------------------+----------------+
; Assignment Name                     ; Value                                 ; Default Value ; Entity Name       ; Section Id     ;
+-------------------------------------+---------------------------------------+---------------+-------------------+----------------+
; COMPILER_SIGNATURE_ID               ; 0.154168080605539                     ; --            ; --                ; --             ;
; EDA_OUTPUT_DATA_FORMAT              ; Vhdl                                  ; --            ; --                ; eda_simulation ;
; EDA_RUN_TOOL_AUTOMATICALLY          ; Off                                   ; --            ; --                ; eda_simulation ;
; EDA_SIMULATION_TOOL                 ; ModelSim-Altera (VHDL)                ; <None>        ; --                ; --             ;
; MAX_CORE_JUNCTION_TEMP              ; 85                                    ; --            ; --                ; --             ;
; MIN_CORE_JUNCTION_TEMP              ; 0                                     ; --            ; --                ; --             ;
; PARTITION_COLOR                     ; 16764057                              ; --            ; traffic_light_top ; Top            ;
; PARTITION_FITTER_PRESERVATION_LEVEL ; PLACEMENT_AND_ROUTING                 ; --            ; traffic_light_top ; Top            ;
; PARTITION_NETLIST_TYPE              ; SOURCE                                ; --            ; traffic_light_top ; Top            ;
; POWER_BOARD_THERMAL_MODEL           ; None (CONSERVATIVE)                   ; --            ; --                ; --             ;
; POWER_PRESET_COOLING_SOLUTION       ; 23 MM HEAT SINK WITH 200 LFPM AIRFLOW ; --            ; --                ; --             ;
; PROJECT_OUTPUT_DIRECTORY            ; output_files                          ; --            ; --                ; --             ;
; TOP_LEVEL_ENTITY                    ; traffic_light_top                     ; Traffic_Light ; --                ; --             ;
+-------------------------------------+---------------------------------------+---------------+-------------------+----------------+


+-------------------------------------------------------------------------------------------------------------------------------+
; Flow Elapsed Time                                                                                                             ;
+---------------------------+--------------+-------------------------+---------------------+------------------------------------+
; Module Name               ; Elapsed Time ; Average Processors Used ; Peak Virtual Memory ; Total CPU Time (on all processors) ;
+---------------------------+--------------+-------------------------+---------------------+------------------------------------+
; Analysis & Synthesis      ; 00:00:01     ; 1.0                     ; 359 MB              ; 00:00:01                           ;
; Fitter                    ; 00:00:06     ; 1.0                     ; 474 MB              ; 00:00:06                           ;
; Assembler                 ; 00:00:02     ; 1.0                     ; 334 MB              ; 00:00:02                           ;
; TimeQuest Timing Analyzer ; 00:00:01     ; 1.0                     ; 312 MB              ; 00:00:01                           ;
; EDA Netlist Writer        ; 00:00:00     ; 1.0                     ; 302 MB              ; 00:00:00                           ;
; Total                     ; 00:00:10     ; --                      ; --                  ; 00:00:10                           ;
+---------------------------+--------------+-------------------------+---------------------+------------------------------------+


+---------------------------------------------------------------------------------------------+
; Flow OS Summary                                                                             ;
+---------------------------+------------------+----------------+------------+----------------+
; Module Name               ; Machine Hostname ; OS Name        ; OS Version ; Processor type ;
+---------------------------+------------------+----------------+------------+----------------+
; Analysis & Synthesis      ; ine              ; Ubuntu 16.04.1 ; 16         ; x86_64         ;
; Fitter                    ; ine              ; Ubuntu 16.04.1 ; 16         ; x86_64         ;
; Assembler                 ; ine              ; Ubuntu 16.04.1 ; 16         ; x86_64         ;
; TimeQuest Timing Analyzer ; ine              ; Ubuntu 16.04.1 ; 16         ; x86_64         ;
; EDA Netlist Writer        ; ine              ; Ubuntu 16.04.1 ; 16         ; x86_64         ;
+---------------------------+------------------+----------------+------------+----------------+


------------
; Flow Log ;
------------
quartus_map --read_settings_files=on --write_settings_files=off Traffic_Light -c Traffic_Light
quartus_fit --read_settings_files=off --write_settings_files=off Traffic_Light -c Traffic_Light
quartus_asm --read_settings_files=off --write_settings_files=off Traffic_Light -c Traffic_Light
quartus_sta Traffic_Light -c Traffic_Light
quartus_eda --read_settings_files=off --write_settings_files=off Traffic_Light -c Traffic_Light



